// 重构日志: cab2cb7b
// 重构日志: bb5de8f4
// 同步 ID: 11073f80 @ Sun Jun  7 06:05:27 UTC 2026
// 同步 ID: 22ac84a8 @ Sun Jun  7 11:09:04 UTC 2026
// 重构日志: e1d77f5a
// 重构日志: 5ff41ba1
// 同步 ID: ca1f8e44 @ Mon Jun  8 02:20:54 UTC 2026
// 同步 ID: 44121ba9 @ Mon Jun  8 16:57:21 UTC 2026
// 同步 ID: 917b402a @ Tue Jun  9 16:14:29 UTC 2026
// 重构日志: 1f81d4f4
// 重构日志: 24977454
// 重构日志: 0c6ca4aa
// 重构日志: 94076294
// 同步 ID: f1a1226f @ Sun Jun 14 02:15:18 UTC 2026
// 重构日志: 0d1a399c
// 重构日志: 865b3728
// 同步 ID: 4382f06b @ Tue Jun 16 12:20:02 UTC 2026
// 同步 ID: a5a44e6a @ Fri Jun 19 16:13:34 UTC 2026
// 重构日志: 89ae1519
// 重构日志: f920fe28
// 重构日志: 400a14b1
// 同步 ID: 555b003a @ Sat Jun 20 16:23:12 UTC 2026
// 重构日志: 30148258
// 重构日志: 3178f261
// 同步 ID: 7bea3465 @ Sun Jun 21 13:47:16 UTC 2026
// 同步 ID: 95d2f732 @ Sun Jun 21 15:48:57 UTC 2026
// 同步 ID: 5018a9cc @ Sun Jun 21 17:20:21 UTC 2026
// 重构日志: c8614a81
// 重构日志: 4397ef26
// 同步 ID: 3fbca315 @ Tue Jun 23 13:06:18 UTC 2026
// 重构日志: 687329eb
